0 verbose cli /data/data/com.termux/files/usr/bin/node /data/data/com.termux/files/usr/bin/npm
1 info using npm@10.9.2
2 info using node@v23.8.0
3 silly config load:file:/data/data/com.termux/files/usr/lib/node_modules/npm/npmrc
4 silly config load:file:/data/data/com.termux/files/home/.npmrc
5 silly config load:file:/data/data/com.termux/files/usr/etc/npmrc
6 verbose title npm install
7 verbose argv "install"
8 verbose logfile logs-max:10 dir:/data/data/com.termux/files/home/.npm/_logs/2025-03-17T17_30_26_651Z-
9 verbose logfile /data/data/com.termux/files/home/.npm/_logs/2025-03-17T17_30_26_651Z-debug-0.log
10 silly logfile done cleaning log files
11 silly packumentCache heap:980418560 maxSize:245104640 maxEntrySize:122552320
12 silly idealTree buildDeps
13 silly fetch manifest axios@^1.0.0
14 silly packumentCache full:https://registry.npmjs.org/axios cache-miss
15 http fetch GET 200 https://registry.npmjs.org/axios 963ms (cache miss)
16 silly packumentCache full:https://registry.npmjs.org/axios set size:undefined disposed:false
17 silly placeDep ROOT axios@1.8.3 OK for: bot@1.0.0 want: ^1.0.0
18 silly fetch manifest follow-redirects@^1.15.6
19 silly packumentCache full:https://registry.npmjs.org/follow-redirects cache-miss
20 silly fetch manifest form-data@^4.0.0
21 silly packumentCache full:https://registry.npmjs.org/form-data cache-miss
22 silly fetch manifest proxy-from-env@^1.1.0
23 silly packumentCache full:https://registry.npmjs.org/proxy-from-env cache-miss
24 http fetch GET 200 https://registry.npmjs.org/follow-redirects 182ms (cache miss)
25 silly packumentCache full:https://registry.npmjs.org/follow-redirects set size:undefined disposed:false
26 http fetch GET 200 https://registry.npmjs.org/proxy-from-env 659ms (cache miss)
27 silly packumentCache full:https://registry.npmjs.org/proxy-from-env set size:undefined disposed:false
28 http fetch GET 200 https://registry.npmjs.org/form-data 768ms (cache miss)
29 silly packumentCache full:https://registry.npmjs.org/form-data set size:undefined disposed:false
30 silly placeDep ROOT follow-redirects@1.15.9 OK for: axios@1.8.3 want: ^1.15.6
31 silly placeDep ROOT form-data@4.0.2 OK for: axios@1.8.3 want: ^4.0.0
32 silly placeDep ROOT proxy-from-env@1.1.0 OK for: axios@1.8.3 want: ^1.1.0
33 silly fetch manifest asynckit@^0.4.0
34 silly packumentCache full:https://registry.npmjs.org/asynckit cache-miss
35 silly fetch manifest combined-stream@^1.0.8
36 silly packumentCache full:https://registry.npmjs.org/combined-stream cache-miss
37 silly fetch manifest es-set-tostringtag@^2.1.0
38 silly packumentCache full:https://registry.npmjs.org/es-set-tostringtag cache-miss
39 silly fetch manifest mime-types@^2.1.12
40 silly packumentCache full:https://registry.npmjs.org/mime-types cache-miss
41 http fetch GET 200 https://registry.npmjs.org/asynckit 175ms (cache miss)
42 silly packumentCache full:https://registry.npmjs.org/asynckit set size:undefined disposed:false
43 http fetch GET 200 https://registry.npmjs.org/combined-stream 277ms (cache miss)
44 silly packumentCache full:https://registry.npmjs.org/combined-stream set size:undefined disposed:false
45 http fetch GET 200 https://registry.npmjs.org/es-set-tostringtag 306ms (cache miss)
46 silly packumentCache full:https://registry.npmjs.org/es-set-tostringtag set size:undefined disposed:false
47 http fetch GET 200 https://registry.npmjs.org/mime-types 884ms (cache miss)
48 silly packumentCache full:https://registry.npmjs.org/mime-types set size:undefined disposed:false
49 silly placeDep ROOT asynckit@0.4.0 OK for: form-data@4.0.2 want: ^0.4.0
50 silly placeDep ROOT combined-stream@1.0.8 OK for: form-data@4.0.2 want: ^1.0.8
51 silly placeDep ROOT es-set-tostringtag@2.1.0 OK for: form-data@4.0.2 want: ^2.1.0
52 silly placeDep ROOT mime-types@2.1.35 OK for: form-data@4.0.2 want: ^2.1.12
53 silly fetch manifest delayed-stream@~1.0.0
54 silly packumentCache full:https://registry.npmjs.org/delayed-stream cache-miss
55 silly fetch manifest es-errors@^1.3.0
56 silly packumentCache full:https://registry.npmjs.org/es-errors cache-miss
57 silly fetch manifest get-intrinsic@^1.2.6
58 silly packumentCache full:https://registry.npmjs.org/get-intrinsic cache-miss
59 silly fetch manifest has-tostringtag@^1.0.2
60 silly packumentCache full:https://registry.npmjs.org/has-tostringtag cache-miss
61 silly fetch manifest hasown@^2.0.2
62 silly packumentCache full:https://registry.npmjs.org/hasown cache-miss
63 silly fetch manifest mime-db@1.52.0
64 silly packumentCache full:https://registry.npmjs.org/mime-db cache-miss
65 http fetch GET 200 https://registry.npmjs.org/delayed-stream 211ms (cache miss)
66 silly packumentCache full:https://registry.npmjs.org/delayed-stream set size:undefined disposed:false
67 http fetch GET 200 https://registry.npmjs.org/es-errors 215ms (cache miss)
68 silly packumentCache full:https://registry.npmjs.org/es-errors set size:undefined disposed:false
69 http fetch GET 200 https://registry.npmjs.org/get-intrinsic 225ms (cache miss)
70 silly packumentCache full:https://registry.npmjs.org/get-intrinsic set size:undefined disposed:false
71 http fetch GET 200 https://registry.npmjs.org/has-tostringtag 235ms (cache miss)
72 silly packumentCache full:https://registry.npmjs.org/has-tostringtag set size:undefined disposed:false
73 http fetch GET 200 https://registry.npmjs.org/hasown 497ms (cache miss)
74 silly packumentCache full:https://registry.npmjs.org/hasown set size:undefined disposed:false
75 http fetch GET 200 https://registry.npmjs.org/mime-db 563ms (cache miss)
76 silly packumentCache full:https://registry.npmjs.org/mime-db set size:undefined disposed:false
77 silly placeDep ROOT delayed-stream@1.0.0 OK for: combined-stream@1.0.8 want: ~1.0.0
78 silly placeDep ROOT es-errors@1.3.0 OK for: es-set-tostringtag@2.1.0 want: ^1.3.0
79 silly placeDep ROOT get-intrinsic@1.3.0 OK for: es-set-tostringtag@2.1.0 want: ^1.2.6
80 silly placeDep ROOT has-tostringtag@1.0.2 OK for: es-set-tostringtag@2.1.0 want: ^1.0.2
81 silly placeDep ROOT hasown@2.0.2 OK for: es-set-tostringtag@2.1.0 want: ^2.0.2
82 silly fetch manifest call-bind-apply-helpers@^1.0.2
83 silly packumentCache full:https://registry.npmjs.org/call-bind-apply-helpers cache-miss
84 silly fetch manifest es-define-property@^1.0.1
85 silly packumentCache full:https://registry.npmjs.org/es-define-property cache-miss
86 silly fetch manifest es-object-atoms@^1.1.1
87 silly packumentCache full:https://registry.npmjs.org/es-object-atoms cache-miss
88 silly fetch manifest function-bind@^1.1.2
89 silly packumentCache full:https://registry.npmjs.org/function-bind cache-miss
90 silly fetch manifest get-proto@^1.0.1
91 silly packumentCache full:https://registry.npmjs.org/get-proto cache-miss
92 silly fetch manifest gopd@^1.2.0
93 silly packumentCache full:https://registry.npmjs.org/gopd cache-miss
94 silly fetch manifest has-symbols@^1.1.0
95 silly packumentCache full:https://registry.npmjs.org/has-symbols cache-miss
96 http fetch GET 200 https://registry.npmjs.org/call-bind-apply-helpers 156ms (cache miss)
97 silly packumentCache full:https://registry.npmjs.org/call-bind-apply-helpers set size:undefined disposed:false
98 silly fetch manifest math-intrinsics@^1.1.0
99 silly packumentCache full:https://registry.npmjs.org/math-intrinsics cache-miss
100 http fetch GET 200 https://registry.npmjs.org/es-define-property 163ms (cache miss)
101 silly packumentCache full:https://registry.npmjs.org/es-define-property set size:undefined disposed:false
102 silly fetch manifest has-symbols@^1.0.3
103 silly packumentCache full:https://registry.npmjs.org/has-symbols cache-miss
104 http fetch GET 200 https://registry.npmjs.org/es-object-atoms 166ms (cache miss)
105 silly packumentCache full:https://registry.npmjs.org/es-object-atoms set size:undefined disposed:false
106 silly fetch manifest function-bind@^1.1.2
107 silly packumentCache full:https://registry.npmjs.org/function-bind cache-miss
108 http fetch GET 200 https://registry.npmjs.org/get-proto 173ms (cache miss)
109 silly packumentCache full:https://registry.npmjs.org/get-proto set size:undefined disposed:false
110 http fetch GET 200 https://registry.npmjs.org/function-bind 204ms (cache miss)
111 silly packumentCache full:https://registry.npmjs.org/function-bind set size:undefined disposed:false
112 http fetch GET 200 https://registry.npmjs.org/gopd 262ms (cache miss)
113 silly packumentCache full:https://registry.npmjs.org/gopd set size:undefined disposed:false
114 http fetch GET 200 https://registry.npmjs.org/function-bind 294ms (cache miss)
115 silly packumentCache full:https://registry.npmjs.org/function-bind set size:undefined disposed:false
116 http fetch GET 200 https://registry.npmjs.org/math-intrinsics 308ms (cache miss)
117 silly packumentCache full:https://registry.npmjs.org/math-intrinsics set size:undefined disposed:false
118 http fetch GET 200 https://registry.npmjs.org/has-symbols 304ms (cache miss)
119 silly packumentCache full:https://registry.npmjs.org/has-symbols set size:undefined disposed:false
120 http fetch GET 200 https://registry.npmjs.org/has-symbols 615ms (cache miss)
121 silly packumentCache full:https://registry.npmjs.org/has-symbols set size:undefined disposed:false
122 silly placeDep ROOT call-bind-apply-helpers@1.0.2 OK for: get-intrinsic@1.3.0 want: ^1.0.2
123 silly placeDep ROOT es-define-property@1.0.1 OK for: get-intrinsic@1.3.0 want: ^1.0.1
124 silly placeDep ROOT es-object-atoms@1.1.1 OK for: get-intrinsic@1.3.0 want: ^1.1.1
125 silly placeDep ROOT function-bind@1.1.2 OK for: get-intrinsic@1.3.0 want: ^1.1.2
126 silly placeDep ROOT get-proto@1.0.1 OK for: get-intrinsic@1.3.0 want: ^1.0.1
127 silly placeDep ROOT gopd@1.2.0 OK for: get-intrinsic@1.3.0 want: ^1.2.0
128 silly placeDep ROOT has-symbols@1.1.0 OK for: get-intrinsic@1.3.0 want: ^1.1.0
129 silly placeDep ROOT math-intrinsics@1.1.0 OK for: get-intrinsic@1.3.0 want: ^1.1.0
130 silly fetch manifest dunder-proto@^1.0.1
131 silly packumentCache full:https://registry.npmjs.org/dunder-proto cache-miss
132 http fetch GET 200 https://registry.npmjs.org/dunder-proto 132ms (cache miss)
133 silly packumentCache full:https://registry.npmjs.org/dunder-proto set size:undefined disposed:false
134 silly placeDep ROOT dunder-proto@1.0.1 OK for: get-proto@1.0.1 want: ^1.0.1
135 silly placeDep ROOT mime-db@1.52.0 OK for: mime-types@2.1.35 want: 1.52.0
136 silly reify moves {}
137 silly audit bulk request {
137 silly audit   axios: [ '1.8.3' ],
137 silly audit   'follow-redirects': [ '1.15.9' ],
137 silly audit   'form-data': [ '4.0.2' ],
137 silly audit   'proxy-from-env': [ '1.1.0' ],
137 silly audit   asynckit: [ '0.4.0' ],
137 silly audit   'combined-stream': [ '1.0.8' ],
137 silly audit   'es-set-tostringtag': [ '2.1.0' ],
137 silly audit   'mime-types': [ '2.1.35' ],
137 silly audit   'delayed-stream': [ '1.0.0' ],
137 silly audit   'es-errors': [ '1.3.0' ],
137 silly audit   'get-intrinsic': [ '1.3.0' ],
137 silly audit   'has-tostringtag': [ '1.0.2' ],
137 silly audit   hasown: [ '2.0.2' ],
137 silly audit   'call-bind-apply-helpers': [ '1.0.2' ],
137 silly audit   'es-define-property': [ '1.0.1' ],
137 silly audit   'es-object-atoms': [ '1.1.1' ],
137 silly audit   'function-bind': [ '1.1.2' ],
137 silly audit   'get-proto': [ '1.0.1' ],
137 silly audit   gopd: [ '1.2.0' ],
137 silly audit   'has-symbols': [ '1.1.0' ],
137 silly audit   'math-intrinsics': [ '1.1.0' ],
137 silly audit   'dunder-proto': [ '1.0.1' ],
137 silly audit   'mime-db': [ '1.52.0' ]
137 silly audit }
138 http cache mime-db@https://registry.npmjs.org/mime-db/-/mime-db-1.52.0.tgz 1ms (cache hit)
139 http cache math-intrinsics@https://registry.npmjs.org/math-intrinsics/-/math-intrinsics-1.1.0.tgz 0ms (cache hit)
140 http cache has-symbols@https://registry.npmjs.org/has-symbols/-/has-symbols-1.1.0.tgz 0ms (cache hit)
141 http cache gopd@https://registry.npmjs.org/gopd/-/gopd-1.2.0.tgz 0ms (cache hit)
142 http cache get-proto@https://registry.npmjs.org/get-proto/-/get-proto-1.0.1.tgz 0ms (cache hit)
143 http cache dunder-proto@https://registry.npmjs.org/dunder-proto/-/dunder-proto-1.0.1.tgz 0ms (cache hit)
144 http cache function-bind@https://registry.npmjs.org/function-bind/-/function-bind-1.1.2.tgz 0ms (cache hit)
145 http cache es-object-atoms@https://registry.npmjs.org/es-object-atoms/-/es-object-atoms-1.1.1.tgz 0ms (cache hit)
146 http cache es-define-property@https://registry.npmjs.org/es-define-property/-/es-define-property-1.0.1.tgz 0ms (cache hit)
147 http cache call-bind-apply-helpers@https://registry.npmjs.org/call-bind-apply-helpers/-/call-bind-apply-helpers-1.0.2.tgz 0ms (cache hit)
148 http cache hasown@https://registry.npmjs.org/hasown/-/hasown-2.0.2.tgz 0ms (cache hit)
149 http cache get-intrinsic@https://registry.npmjs.org/get-intrinsic/-/get-intrinsic-1.3.0.tgz 0ms (cache hit)
150 http cache has-tostringtag@https://registry.npmjs.org/has-tostringtag/-/has-tostringtag-1.0.2.tgz 0ms (cache hit)
151 http cache es-errors@https://registry.npmjs.org/es-errors/-/es-errors-1.3.0.tgz 0ms (cache hit)
152 http cache delayed-stream@https://registry.npmjs.org/delayed-stream/-/delayed-stream-1.0.0.tgz 0ms (cache hit)
153 http cache mime-types@https://registry.npmjs.org/mime-types/-/mime-types-2.1.35.tgz 0ms (cache hit)
154 http cache es-set-tostringtag@https://registry.npmjs.org/es-set-tostringtag/-/es-set-tostringtag-2.1.0.tgz 0ms (cache hit)
155 http cache combined-stream@https://registry.npmjs.org/combined-stream/-/combined-stream-1.0.8.tgz 0ms (cache hit)
156 http cache asynckit@https://registry.npmjs.org/asynckit/-/asynckit-0.4.0.tgz 0ms (cache hit)
157 http cache proxy-from-env@https://registry.npmjs.org/proxy-from-env/-/proxy-from-env-1.1.0.tgz 0ms (cache hit)
158 http cache form-data@https://registry.npmjs.org/form-data/-/form-data-4.0.2.tgz 0ms (cache hit)
159 http cache follow-redirects@https://registry.npmjs.org/follow-redirects/-/follow-redirects-1.15.9.tgz 0ms (cache hit)
160 http cache axios@https://registry.npmjs.org/axios/-/axios-1.8.3.tgz 0ms (cache hit)
161 silly tarball no local data for mime-db@https://registry.npmjs.org/mime-db/-/mime-db-1.52.0.tgz. Extracting by manifest.
162 silly tarball no local data for math-intrinsics@https://registry.npmjs.org/math-intrinsics/-/math-intrinsics-1.1.0.tgz. Extracting by manifest.
163 silly tarball no local data for has-symbols@https://registry.npmjs.org/has-symbols/-/has-symbols-1.1.0.tgz. Extracting by manifest.
164 silly tarball no local data for gopd@https://registry.npmjs.org/gopd/-/gopd-1.2.0.tgz. Extracting by manifest.
165 silly tarball no local data for get-proto@https://registry.npmjs.org/get-proto/-/get-proto-1.0.1.tgz. Extracting by manifest.
166 silly tarball no local data for dunder-proto@https://registry.npmjs.org/dunder-proto/-/dunder-proto-1.0.1.tgz. Extracting by manifest.
167 silly tarball no local data for function-bind@https://registry.npmjs.org/function-bind/-/function-bind-1.1.2.tgz. Extracting by manifest.
168 silly tarball no local data for es-object-atoms@https://registry.npmjs.org/es-object-atoms/-/es-object-atoms-1.1.1.tgz. Extracting by manifest.
169 silly tarball no local data for es-define-property@https://registry.npmjs.org/es-define-property/-/es-define-property-1.0.1.tgz. Extracting by manifest.
170 silly tarball no local data for call-bind-apply-helpers@https://registry.npmjs.org/call-bind-apply-helpers/-/call-bind-apply-helpers-1.0.2.tgz. Extracting by manifest.
171 silly tarball no local data for hasown@https://registry.npmjs.org/hasown/-/hasown-2.0.2.tgz. Extracting by manifest.
172 silly tarball no local data for get-intrinsic@https://registry.npmjs.org/get-intrinsic/-/get-intrinsic-1.3.0.tgz. Extracting by manifest.
173 silly tarball no local data for has-tostringtag@https://registry.npmjs.org/has-tostringtag/-/has-tostringtag-1.0.2.tgz. Extracting by manifest.
174 silly tarball no local data for es-errors@https://registry.npmjs.org/es-errors/-/es-errors-1.3.0.tgz. Extracting by manifest.
175 silly tarball no local data for delayed-stream@https://registry.npmjs.org/delayed-stream/-/delayed-stream-1.0.0.tgz. Extracting by manifest.
176 silly tarball no local data for mime-types@https://registry.npmjs.org/mime-types/-/mime-types-2.1.35.tgz. Extracting by manifest.
177 silly tarball no local data for es-set-tostringtag@https://registry.npmjs.org/es-set-tostringtag/-/es-set-tostringtag-2.1.0.tgz. Extracting by manifest.
178 silly tarball no local data for combined-stream@https://registry.npmjs.org/combined-stream/-/combined-stream-1.0.8.tgz. Extracting by manifest.
179 silly tarball no local data for asynckit@https://registry.npmjs.org/asynckit/-/asynckit-0.4.0.tgz. Extracting by manifest.
180 silly tarball no local data for proxy-from-env@https://registry.npmjs.org/proxy-from-env/-/proxy-from-env-1.1.0.tgz. Extracting by manifest.
181 silly tarball no local data for form-data@https://registry.npmjs.org/form-data/-/form-data-4.0.2.tgz. Extracting by manifest.
182 silly tarball no local data for follow-redirects@https://registry.npmjs.org/follow-redirects/-/follow-redirects-1.15.9.tgz. Extracting by manifest.
183 silly tarball no local data for axios@https://registry.npmjs.org/axios/-/axios-1.8.3.tgz. Extracting by manifest.
184 http fetch GET 200 https://registry.npmjs.org/math-intrinsics/-/math-intrinsics-1.1.0.tgz 298ms (cache miss)
185 http fetch POST 200 https://registry.npmjs.org/-/npm/v1/security/advisories/bulk 360ms
186 silly audit report {}
187 http fetch GET 200 https://registry.npmjs.org/get-proto/-/get-proto-1.0.1.tgz 362ms (cache miss)
188 http fetch GET 200 https://registry.npmjs.org/gopd/-/gopd-1.2.0.tgz 371ms (cache miss)
189 http fetch GET 200 https://registry.npmjs.org/mime-db/-/mime-db-1.52.0.tgz 379ms (cache miss)
190 http fetch GET 200 https://registry.npmjs.org/has-symbols/-/has-symbols-1.1.0.tgz 380ms (cache miss)
191 http fetch GET 200 https://registry.npmjs.org/dunder-proto/-/dunder-proto-1.0.1.tgz 378ms (cache miss)
192 http fetch GET 200 https://registry.npmjs.org/delayed-stream/-/delayed-stream-1.0.0.tgz 1031ms (cache miss)
193 http fetch GET 200 https://registry.npmjs.org/mime-types/-/mime-types-2.1.35.tgz 1457ms (cache miss)
194 http fetch GET 200 https://registry.npmjs.org/es-set-tostringtag/-/es-set-tostringtag-2.1.0.tgz 1664ms (cache miss)
195 http fetch GET 200 https://registry.npmjs.org/combined-stream/-/combined-stream-1.0.8.tgz 1666ms (cache miss)
196 http fetch GET 200 https://registry.npmjs.org/asynckit/-/asynckit-0.4.0.tgz 1677ms (cache miss)
197 http fetch GET 200 https://registry.npmjs.org/form-data/-/form-data-4.0.2.tgz 1716ms (cache miss)
198 http fetch GET 200 https://registry.npmjs.org/proxy-from-env/-/proxy-from-env-1.1.0.tgz 1726ms (cache miss)
199 http fetch GET 200 https://registry.npmjs.org/follow-redirects/-/follow-redirects-1.15.9.tgz 1865ms (cache miss)
200 http fetch GET 200 https://registry.npmjs.org/function-bind/-/function-bind-1.1.2.tgz 3054ms (cache miss)
201 http fetch GET 200 https://registry.npmjs.org/call-bind-apply-helpers/-/call-bind-apply-helpers-1.0.2.tgz 3081ms (cache miss)
202 http fetch GET 200 https://registry.npmjs.org/es-define-property/-/es-define-property-1.0.1.tgz 3113ms (cache miss)
203 http fetch GET 200 https://registry.npmjs.org/es-object-atoms/-/es-object-atoms-1.1.1.tgz 3672ms (cache miss)
204 http fetch GET 200 https://registry.npmjs.org/axios/-/axios-1.8.3.tgz 5148ms (cache miss)
205 http fetch GET 200 https://registry.npmjs.org/has-tostringtag/-/has-tostringtag-1.0.2.tgz 5182ms (cache miss)
206 http fetch GET 200 https://registry.npmjs.org/es-errors/-/es-errors-1.3.0.tgz 5204ms (cache miss)
207 http fetch GET 200 https://registry.npmjs.org/get-intrinsic/-/get-intrinsic-1.3.0.tgz 5349ms (cache miss)
208 http fetch GET 200 https://registry.npmjs.org/hasown/-/hasown-2.0.2.tgz 5352ms (cache miss)
209 silly ADD node_modules/mime-db
210 silly ADD node_modules/dunder-proto
211 silly ADD node_modules/math-intrinsics
212 silly ADD node_modules/has-symbols
213 silly ADD node_modules/gopd
214 silly ADD node_modules/get-proto
215 silly ADD node_modules/function-bind
216 silly ADD node_modules/es-object-atoms
217 silly ADD node_modules/es-define-property
218 silly ADD node_modules/call-bind-apply-helpers
219 silly ADD node_modules/hasown
220 silly ADD node_modules/has-tostringtag
221 silly ADD node_modules/get-intrinsic
222 silly ADD node_modules/es-errors
223 silly ADD node_modules/delayed-stream
224 silly ADD node_modules/mime-types
225 silly ADD node_modules/es-set-tostringtag
226 silly ADD node_modules/combined-stream
227 silly ADD node_modules/asynckit
228 silly ADD node_modules/proxy-from-env
229 silly ADD node_modules/form-data
230 silly ADD node_modules/follow-redirects
231 silly ADD node_modules/axios
232 verbose cwd /data/data/com.termux/files/home
233 verbose os Linux 4.19.157-perf-ga763929f5bb9
234 verbose node v23.8.0
235 verbose npm  v10.9.2
236 verbose exit 0
237 info ok
